[04:07:28] [Client thread/INFO]: Setting user: Player389
[04:07:35] [Client thread/INFO]: LWJGL Version: 2.9.4
[04:07:45] [Client thread/INFO]: Reloading ResourceManager: Default, FMLFileResourcePack:Forge Mod Loader, FMLFileResourcePack:Minecraft Forge, FMLFileResourcePack:CychoLife
[04:08:31] [Sound Library Loader/INFO]: Starting up SoundSystem...
[04:08:31] [Thread-8/INFO]: Initializing LWJGL OpenAL
[04:08:31] [Thread-8/INFO]: (The LWJGL binding of OpenAL.  For more information, see http://www.lwjgl.org)
[04:08:31] [Thread-8/INFO]: OpenAL initialized.
[04:08:31] [Sound Library Loader/INFO]: Sound engine started
[04:08:41] [Client thread/INFO]: Created: 16x16 textures-atlas
[04:08:46] [Client thread/INFO]: Reloading ResourceManager: Default, FMLFileResourcePack:Forge Mod Loader, FMLFileResourcePack:Minecraft Forge, FMLFileResourcePack:CychoLife
[04:09:34] [Client thread/INFO]: SoundSystem shutting down...
[04:09:34] [Client thread/WARN]: Author: Paul Lamb, www.paulscode.com
[04:09:34] [Sound Library Loader/INFO]: Starting up SoundSystem...
[04:09:34] [Thread-10/INFO]: Initializing LWJGL OpenAL
[04:09:34] [Thread-10/INFO]: (The LWJGL binding of OpenAL.  For more information, see http://www.lwjgl.org)
[04:09:34] [Thread-10/INFO]: OpenAL initialized.
[04:09:35] [Sound Library Loader/INFO]: Sound engine started
[04:09:38] [Client thread/INFO]: Created: 1024x512 textures-atlas
[04:09:42] [Realms Notification Availability checker #1/INFO]: Could not authorize you against Realms server: Invalid session id
[04:23:21] [Server thread/INFO]: Starting integrated minecraft server version 1.9
[04:23:21] [Server thread/INFO]: Generating keypair
[04:23:22] [Server thread/INFO]: Preparing start region for level 0
[04:23:23] [Server thread/INFO]: Preparing spawn area: 0%
[04:23:24] [Server thread/INFO]: Preparing spawn area: 5%
[04:23:25] [Server thread/INFO]: Preparing spawn area: 22%
[04:23:26] [Server thread/INFO]: Changing view distance to 12, from 10
[04:23:28] [Client thread/INFO]: Stopping!
[04:23:28] [Server thread/INFO]: Player389[local:E:ec8bb129] logged in with entity id 217 at (1736.6194593851158, 4.0, -2223.300000011921)
[04:23:28] [Server thread/INFO]: Player389 joined the game
[04:23:29] [Server thread/INFO]: Stopping server
[04:23:29] [Server thread/INFO]: Saving players
[04:23:29] [Server thread/INFO]: Saving worlds
[04:23:29] [Server thread/INFO]: Saving chunks for level 'New World'/Overworld
[04:23:29] [Server thread/INFO]: Saving chunks for level 'New World'/Nether
[04:23:29] [Server thread/INFO]: Saving chunks for level 'New World'/The End
[04:23:29] [Client thread/INFO]: SoundSystem shutting down...
[04:23:29] [Client thread/WARN]: Author: Paul Lamb, www.paulscode.com
